<?xml version="1.0" encoding="UTF-8"?>
<!-- Generated by org.testng.reporters.JUnitReportReporter -->
<testsuite hostname="Kiran" name="com.testing.TestWalmart" tests="1" failures="0" timestamp="12 Dec 2015 03:51:08 GMT" time="0.007" errors="0">
  <testcase name="f" time="0.007" classname="com.testing.TestWalmart"/>
</testsuite> <!-- com.testing.TestWalmart -->
